BOSE|2023:01:29:00:24:47:050|MARKET_INITIALIZATION
USD: 203410
EUR: 621570
YUAN: 12899
YEN: 162121
END_MARKET_INITIALIZATION
BOSE|2023:01:29:00:24:47:050|LOCK_BUY-TASE Trader-KIND_TO_BUY:YUAN-QUANTITY_TO_BUY:10000-BID:1379.0948-TOKEN:31ae4583-5586-4027-a6af-02c9a16b3208
BOSE|2023:01:29:00:24:47:050|BUY-TOKEN:31ae4583-5586-4027-a6af-02c9a16b3208-OK
BOSE|2023:01:29:00:24:47:056|LOCK_BUY-TASE Trader-KIND_TO_BUY:YUAN-QUANTITY_TO_BUY:1-BID:0.13791025-TOKEN:27b82ab6-3acf-41db-a1fb-3820663b02b0
BOSE|2023:01:29:00:24:47:056|BUY-TOKEN:27b82ab6-3acf-41db-a1fb-3820663b02b0-OK
BOSE|2023:01:29:00:24:47:407|LOCK_SELL-TASE Trader-KIND_TO_SELL:YUAN-QUANTITY_TO_SELL:10000-OFFER:1338.3408-TOKEN:907468ff-707d-4419-ab96-c294a7982abf
BOSE|2023:01:29:00:24:47:407|BUY-TOKEN:907468ff-707d-4419-ab96-c294a7982abf-OK
BOSE|2023:01:29:00:24:47:407|LOCK_SELL-TASE Trader-KIND_TO_SELL:YUAN-QUANTITY_TO_SELL:10000-OFFER:1338.8124-TOKEN:94c415df-5ffe-4210-aaba-cc46e0734597
BOSE|2023:01:29:00:24:47:407|BUY-TOKEN:94c415df-5ffe-4210-aaba-cc46e0734597-OK
BOSE|2023:01:29:00:24:47:407|LOCK_SELL-TASE Trader-KIND_TO_SELL:YUAN-QUANTITY_TO_SELL:10000-OFFER:1339.2843-TOKEN:95d6e303-76a9-4e4a-b063-f368a0a15dee
BOSE|2023:01:29:00:24:47:407|BUY-TOKEN:95d6e303-76a9-4e4a-b063-f368a0a15dee-OK
BOSE|2023:01:29:00:24:47:407|LOCK_SELL-TASE Trader-KIND_TO_SELL:YUAN-QUANTITY_TO_SELL:10000-OFFER:1339.7565-TOKEN:11760a87-96e0-468b-923c-d102c4cfeffa
BOSE|2023:01:29:00:24:47:407|BUY-TOKEN:11760a87-96e0-468b-923c-d102c4cfeffa-OK
BOSE|2023:01:29:00:24:47:407|LOCK_SELL-TASE Trader-KIND_TO_SELL:YUAN-QUANTITY_TO_SELL:9999.0625-OFFER:1340.1033-TOKEN:855201e0-5161-48d7-8387-449e2cc44c34
BOSE|2023:01:29:00:24:47:407|BUY-TOKEN:855201e0-5161-48d7-8387-449e2cc44c34-OK
BOSE|2023:01:29:00:24:47:407|LOCK_SELL-TASE Trader-KIND_TO_SELL:USD-QUANTITY_TO_SELL:10000-OFFER:9509.925-TOKEN:c5ac61fa-dea2-4045-90fe-5b9fe88fe16f
BOSE|2023:01:29:00:24:47:407|BUY-TOKEN:c5ac61fa-dea2-4045-90fe-5b9fe88fe16f-OK
BOSE|2023:01:29:00:24:47:407|LOCK_SELL-TASE Trader-KIND_TO_SELL:USD-QUANTITY_TO_SELL:10000-OFFER:9511.91-TOKEN:f6f8bb3b-5ab1-4308-8e4f-f9a61871d087
BOSE|2023:01:29:00:24:47:407|BUY-TOKEN:f6f8bb3b-5ab1-4308-8e4f-f9a61871d087-OK
BOSE|2023:01:29:00:24:47:407|LOCK_SELL-TASE Trader-KIND_TO_SELL:USD-QUANTITY_TO_SELL:10000-OFFER:9513.887-TOKEN:9eb606db-de52-4740-9212-7f24cf7c7337
BOSE|2023:01:29:00:24:47:407|BUY-TOKEN:9eb606db-de52-4740-9212-7f24cf7c7337-OK
BOSE|2023:01:29:00:24:47:407|LOCK_SELL-TASE Trader-KIND_TO_SELL:USD-QUANTITY_TO_SELL:10000-OFFER:9515.855-TOKEN:b68a7239-7c6b-48b4-b08c-dc5a9c162c0d
BOSE|2023:01:29:00:24:47:407|BUY-TOKEN:b68a7239-7c6b-48b4-b08c-dc5a9c162c0d-OK
BOSE|2023:01:29:00:24:47:407|LOCK_SELL-TASE Trader-KIND_TO_SELL:USD-QUANTITY_TO_SELL:10000-OFFER:9517.813-TOKEN:663a2a5e-8d05-4320-bc9d-29cdbe5eb63a
BOSE|2023:01:29:00:24:47:407|BUY-TOKEN:663a2a5e-8d05-4320-bc9d-29cdbe5eb63a-OK
BOSE|2023:01:29:00:24:47:407|LOCK_SELL-TASE Trader-KIND_TO_SELL:USD-QUANTITY_TO_SELL:10000-OFFER:9519.764-TOKEN:28d4a265-6317-4658-b44c-43c825a7c36e
BOSE|2023:01:29:00:24:47:407|BUY-TOKEN:28d4a265-6317-4658-b44c-43c825a7c36e-OK
BOSE|2023:01:29:00:24:47:407|LOCK_SELL-TASE Trader-KIND_TO_SELL:USD-QUANTITY_TO_SELL:10000-OFFER:9521.705-TOKEN:bd5f3efd-139c-4558-9dd7-cb540470899d
BOSE|2023:01:29:00:24:47:407|BUY-TOKEN:bd5f3efd-139c-4558-9dd7-cb540470899d-OK
BOSE|2023:01:29:00:24:47:407|LOCK_SELL-TASE Trader-KIND_TO_SELL:USD-QUANTITY_TO_SELL:10000-OFFER:9523.638-TOKEN:44f8b412-2a47-4bbd-b5d2-95077c6ab841
BOSE|2023:01:29:00:24:47:407|BUY-TOKEN:44f8b412-2a47-4bbd-b5d2-95077c6ab841-OK
BOSE|2023:01:29:00:24:47:407|LOCK_SELL-TASE Trader-KIND_TO_SELL:USD-QUANTITY_TO_SELL:10000-OFFER:9525.562-TOKEN:ffba392a-70a2-4f5e-9f1e-c02ab8120795
BOSE|2023:01:29:00:24:47:407|BUY-TOKEN:ffba392a-70a2-4f5e-9f1e-c02ab8120795-OK
BOSE|2023:01:29:00:24:47:407|LOCK_SELL-TASE Trader-KIND_TO_SELL:USD-QUANTITY_TO_SELL:10000-OFFER:9527.476-TOKEN:a15b025e-1e17-45e6-91f1-33dc4bcd6bb2
BOSE|2023:01:29:00:24:47:407|BUY-TOKEN:a15b025e-1e17-45e6-91f1-33dc4bcd6bb2-OK
BOSE|2023:01:29:00:24:47:407|LOCK_SELL-TASE Trader-KIND_TO_SELL:USD-QUANTITY_TO_SELL:10000-OFFER:9529.382-TOKEN:e89e5dde-9e5a-4141-8751-7cb3311ef571
BOSE|2023:01:29:00:24:47:407|BUY-TOKEN:e89e5dde-9e5a-4141-8751-7cb3311ef571-OK
BOSE|2023:01:29:00:24:47:407|LOCK_SELL-TASE Trader-KIND_TO_SELL:USD-QUANTITY_TO_SELL:10000-OFFER:9531.278-TOKEN:287bb788-f69e-4fdf-ab5f-77a85507f82b
BOSE|2023:01:29:00:24:47:407|BUY-TOKEN:287bb788-f69e-4fdf-ab5f-77a85507f82b-OK
BOSE|2023:01:29:00:24:47:407|LOCK_SELL-TASE Trader-KIND_TO_SELL:USD-QUANTITY_TO_SELL:10000-OFFER:9533.168-TOKEN:8dd0563c-e039-497e-aa6b-34e6baf07143
BOSE|2023:01:29:00:24:47:407|BUY-TOKEN:8dd0563c-e039-497e-aa6b-34e6baf07143-OK
BOSE|2023:01:29:00:24:47:407|LOCK_SELL-TASE Trader-KIND_TO_SELL:USD-QUANTITY_TO_SELL:10000-OFFER:9535.048-TOKEN:164227e8-0621-460c-83c0-db428772aa01
BOSE|2023:01:29:00:24:47:407|BUY-TOKEN:164227e8-0621-460c-83c0-db428772aa01-OK
BOSE|2023:01:29:00:24:47:407|LOCK_SELL-TASE Trader-KIND_TO_SELL:USD-QUANTITY_TO_SELL:10000-OFFER:9536.919-TOKEN:d2dab942-c87f-44bb-934d-95db4834d779
BOSE|2023:01:29:00:24:47:407|BUY-TOKEN:d2dab942-c87f-44bb-934d-95db4834d779-OK
BOSE|2023:01:29:00:24:47:407|LOCK_SELL-TASE Trader-KIND_TO_SELL:USD-QUANTITY_TO_SELL:10000-OFFER:9538.781-TOKEN:6ec6a9ec-09db-4bfb-a92f-60523c0355ee
BOSE|2023:01:29:00:24:47:407|BUY-TOKEN:6ec6a9ec-09db-4bfb-a92f-60523c0355ee-OK
